# JRE version: Java(TM) SE Runtime Environment (8.0_271-b09) (build 1.8.0_271-b09)
# Java VM: Java HotSpot(TM) 64-Bit Server VM (25.271-b09 mixed mode windows-amd64 compressed oops)
Heap:
 PSYoungGen      total 84480K, used 45465K [0x0000000180000000, 0x0000000185c80000, 0x00000001c0000000)
  eden space 74240K, 48% used [0x0000000180000000,0x00000001822e2b58,0x0000000184880000)
  from space 10240K, 95% used [0x0000000184880000,0x0000000185203a90,0x0000000185280000)
  to   space 10240K, 0% used [0x0000000185280000,0x0000000185280000,0x0000000185c80000)
 ParOldGen       total 91136K, used 15841K [0x0000000100000000, 0x0000000105900000, 0x0000000180000000)
  object space 91136K, 17% used [0x0000000100000000,0x0000000100f786c8,0x0000000105900000)
 Metaspace       used 45594K, capacity 46184K, committed 46592K, reserved 1091584K
  class space    used 6408K, capacity 6610K, committed 6656K, reserved 1048576K
GC Heap History (10 events):
Event: 5.772 GC heap before
{Heap before GC invocations=9 (full 1):
 PSYoungGen      total 43520K, used 37512K [0x0000000180000000, 0x0000000184780000, 0x00000001c0000000)
  eden space 32256K, 100% used [0x0000000180000000,0x0000000181f80000,0x0000000181f80000)
  from space 11264K, 46% used [0x0000000181f80000,0x00000001824a2010,0x0000000182a80000)
  to   space 10752K, 0% used [0x0000000183d00000,0x0000000183d00000,0x0000000184780000)
 ParOldGen       total 61952K, used 9655K [0x0000000100000000, 0x0000000103c80000, 0x0000000180000000)
  object space 61952K, 15% used [0x0000000100000000,0x000000010096dcb0,0x0000000103c80000)
 Metaspace       used 28780K, capacity 29202K, committed 29440K, reserved 1075200K
  class space    used 4076K, capacity 4262K, committed 4352K, reserved 1048576K
Event: 5.777 GC heap after
Heap after GC invocations=9 (full 1):
 PSYoungGen      total 62976K, used 6026K [0x0000000180000000, 0x0000000184900000, 0x00000001c0000000)
  eden space 52224K, 0% used [0x0000000180000000,0x0000000180000000,0x0000000183300000)
  from space 10752K, 56% used [0x0000000183d00000,0x00000001842e28f8,0x0000000184780000)
  to   space 10240K, 0% used [0x0000000183300000,0x0000000183300000,0x0000000183d00000)
 ParOldGen       total 61952K, used 9663K [0x0000000100000000, 0x0000000103c80000, 0x0000000180000000)
  object space 61952K, 15% used [0x0000000100000000,0x000000010096fcb0,0x0000000103c80000)
 Metaspace       used 28780K, capacity 29202K, committed 29440K, reserved 1075200K
  class space    used 4076K, capacity 4262K, committed 4352K, reserved 1048576K
}
Event: 6.579 GC heap before
{Heap before GC invocations=10 (full 1):
 PSYoungGen      total 62976K, used 58250K [0x0000000180000000, 0x0000000184900000, 0x00000001c0000000)
  eden space 52224K, 100% used [0x0000000180000000,0x0000000183300000,0x0000000183300000)
  from space 10752K, 56% used [0x0000000183d00000,0x00000001842e28f8,0x0000000184780000)
  to   space 10240K, 0% used [0x0000000183300000,0x0000000183300000,0x0000000183d00000)
 ParOldGen       total 61952K, used 9663K [0x0000000100000000, 0x0000000103c80000, 0x0000000180000000)
  object space 61952K, 15% used [0x0000000100000000,0x000000010096fcb0,0x0000000103c80000)
 Metaspace       used 32830K, capacity 33380K, committed 33536K, reserved 1077248K
  class space    used 4654K, capacity 4863K, committed 4864K, reserved 1048576K
Event: 6.586 GC heap after
Heap after GC invocations=10 (full 1):
 PSYoungGen      total 62464K, used 7805K [0x0000000180000000, 0x0000000185d00000, 0x00000001c0000000)
  eden space 52224K, 0% used [0x0000000180000000,0x0000000180000000,0x0000000183300000)
  from space 10240K, 76% used [0x0000000183300000,0x0000000183a9f498,0x0000000183d00000)
  to   space 10752K, 0% used [0x0000000185280000,0x0000000185280000,0x0000000185d00000)
 ParOldGen       total 61952K, used 11811K [0x0000000100000000, 0x0000000103c80000, 0x0000000180000000)
  object space 61952K, 19% used [0x0000000100000000,0x0000000100b88ce0,0x0000000103c80000)
 Metaspace       used 32830K, capacity 33380K, committed 33536K, reserved 1077248K
  class space    used 4654K, capacity 4863K, committed 4864K, reserved 1048576K
}
Event: 7.042 GC heap before
{Heap before GC invocations=11 (full 1):
 PSYoungGen      total 62464K, used 28387K [0x0000000180000000, 0x0000000185d00000, 0x00000001c0000000)
  eden space 52224K, 39% used [0x0000000180000000,0x0000000181419888,0x0000000183300000)
  from space 10240K, 76% used [0x0000000183300000,0x0000000183a9f498,0x0000000183d00000)
  to   space 10752K, 0% used [0x0000000185280000,0x0000000185280000,0x0000000185d00000)
 ParOldGen       total 61952K, used 11811K [0x0000000100000000, 0x0000000103c80000, 0x0000000180000000)
  object space 61952K, 19% used [0x0000000100000000,0x0000000100b88ce0,0x0000000103c80000)
 Metaspace       used 34721K, capacity 35240K, committed 35456K, reserved 1079296K
  class space    used 4959K, capacity 5157K, committed 5248K, reserved 1048576K
Event: 7.050 GC heap after
Heap after GC invocations=11 (full 1):
 PSYoungGen      total 84480K, used 4834K [0x0000000180000000, 0x0000000185c80000, 0x00000001c0000000)
  eden space 74240K, 0% used [0x0000000180000000,0x0000000180000000,0x0000000184880000)
  from space 10240K, 47% used [0x0000000185280000,0x0000000185738bc0,0x0000000185c80000)
  to   space 10240K, 0% used [0x0000000184880000,0x0000000184880000,0x0000000185280000)
 ParOldGen       total 61952K, used 14050K [0x0000000100000000, 0x0000000103c80000, 0x0000000180000000)
  object space 61952K, 22% used [0x0000000100000000,0x0000000100db8870,0x0000000103c80000)
 Metaspace       used 34721K, capacity 35240K, committed 35456K, reserved 1079296K
  class space    used 4959K, capacity 5157K, committed 5248K, reserved 1048576K
}
Event: 7.050 GC heap before
{Heap before GC invocations=12 (full 2):
 PSYoungGen      total 84480K, used 4834K [0x0000000180000000, 0x0000000185c80000, 0x00000001c0000000)
  eden space 74240K, 0% used [0x0000000180000000,0x0000000180000000,0x0000000184880000)
  from space 10240K, 47% used [0x0000000185280000,0x0000000185738bc0,0x0000000185c80000)
  to   space 10240K, 0% used [0x0000000184880000,0x0000000184880000,0x0000000185280000)
 ParOldGen       total 61952K, used 14050K [0x0000000100000000, 0x0000000103c80000, 0x0000000180000000)
  object space 61952K, 22% used [0x0000000100000000,0x0000000100db8870,0x0000000103c80000)
 Metaspace       used 34721K, capacity 35240K, committed 35456K, reserved 1079296K
  class space    used 4959K, capacity 5157K, committed 5248K, reserved 1048576K
Event: 7.106 GC heap after
Heap after GC invocations=12 (full 2):
 PSYoungGen      total 84480K, used 0K [0x0000000180000000, 0x0000000185c80000, 0x00000001c0000000)
  eden space 74240K, 0% used [0x0000000180000000,0x0000000180000000,0x0000000184880000)
  from space 10240K, 0% used [0x0000000185280000,0x0000000185280000,0x0000000185c80000)
  to   space 10240K, 0% used [0x0000000184880000,0x0000000184880000,0x0000000185280000)
 ParOldGen       total 91136K, used 15833K [0x0000000100000000, 0x0000000105900000, 0x0000000180000000)
  object space 91136K, 17% used [0x0000000100000000,0x0000000100f766c8,0x0000000105900000)
 Metaspace       used 34721K, capacity 35240K, committed 35456K, reserved 1079296K
  class space    used 4959K, capacity 5157K, committed 5248K, reserved 1048576K
}
Event: 9.779 GC heap before
{Heap before GC invocations=13 (full 2):
 PSYoungGen      total 84480K, used 74240K [0x0000000180000000, 0x0000000185c80000, 0x00000001c0000000)
  eden space 74240K, 100% used [0x0000000180000000,0x0000000184880000,0x0000000184880000)
  from space 10240K, 0% used [0x0000000185280000,0x0000000185280000,0x0000000185c80000)
  to   space 10240K, 0% used [0x0000000184880000,0x0000000184880000,0x0000000185280000)
 ParOldGen       total 91136K, used 15833K [0x0000000100000000, 0x0000000105900000, 0x0000000180000000)
  object space 91136K, 17% used [0x0000000100000000,0x0000000100f766c8,0x0000000105900000)
 Metaspace       used 43650K, capacity 44266K, committed 44544K, reserved 1087488K
  class space    used 6127K, capacity 6342K, committed 6400K, reserved 1048576K
Event: 9.787 GC heap after
Heap after GC invocations=13 (full 2):
 PSYoungGen      total 84480K, used 9742K [0x0000000180000000, 0x0000000185c80000, 0x00000001c0000000)
  eden space 74240K, 0% used [0x0000000180000000,0x0000000180000000,0x0000000184880000)
  from space 10240K, 95% used [0x0000000184880000,0x0000000185203a90,0x0000000185280000)
  to   space 10240K, 0% used [0x0000000185280000,0x0000000185280000,0x0000000185c80000)
 ParOldGen       total 91136K, used 15841K [0x0000000100000000, 0x0000000105900000, 0x0000000180000000)
  object space 91136K, 17% used [0x0000000100000000,0x0000000100f786c8,0x0000000105900000)
 Metaspace       used 43650K, capacity 44266K, committed 44544K, reserved 1087488K
  class space    used 6127K, capacity 6342K, committed 6400K, reserved 1048576K
}

