# JRE version: Java(TM) SE Runtime Environment (8.0_271-b09) (build 1.8.0_271-b09)
# Java VM: Java HotSpot(TM) 64-Bit Server VM (25.271-b09 mixed mode windows-amd64 compressed oops)
Heap:
 PSYoungGen      total 64512K, used 5215K [0x0000000780000000, 0x0000000785f00000, 0x00000007c0000000)
  eden space 54272K, 9% used [0x0000000780000000,0x0000000780517c28,0x0000000783500000)
  from space 10240K, 0% used [0x0000000783e80000,0x0000000783e80000,0x0000000784880000)
  to   space 9728K, 0% used [0x0000000783500000,0x0000000783500000,0x0000000783e80000)
 ParOldGen       total 60928K, used 14726K [0x0000000700000000, 0x0000000703b80000, 0x0000000780000000)
  object space 60928K, 24% used [0x0000000700000000,0x0000000700e61808,0x0000000703b80000)
 Metaspace       used 34828K, capacity 35372K, committed 35712K, reserved 1079296K
  class space    used 4742K, capacity 4922K, committed 4992K, reserved 1048576K
GC Heap History (10 events):
Event: 5.484 GC heap after
Heap after GC invocations=7 (full 1):
 PSYoungGen      total 44032K, used 5375K [0x0000000780000000, 0x0000000784780000, 0x00000007c0000000)
  eden space 32768K, 0% used [0x0000000780000000,0x0000000780000000,0x0000000782000000)
  from space 11264K, 47% used [0x0000000782a80000,0x0000000782fbfcd0,0x0000000783580000)
  to   space 10752K, 0% used [0x0000000782000000,0x0000000782000000,0x0000000782a80000)
 ParOldGen       total 60928K, used 9346K [0x0000000700000000, 0x0000000703b80000, 0x0000000780000000)
  object space 60928K, 15% used [0x0000000700000000,0x0000000700920bc0,0x0000000703b80000)
 Metaspace       used 25884K, capacity 26272K, committed 26496K, reserved 1073152K
  class space    used 3528K, capacity 3672K, committed 3712K, reserved 1048576K
}
Event: 5.750 GC heap before
{Heap before GC invocations=8 (full 1):
 PSYoungGen      total 44032K, used 38143K [0x0000000780000000, 0x0000000784780000, 0x00000007c0000000)
  eden space 32768K, 100% used [0x0000000780000000,0x0000000782000000,0x0000000782000000)
  from space 11264K, 47% used [0x0000000782a80000,0x0000000782fbfcd0,0x0000000783580000)
  to   space 10752K, 0% used [0x0000000782000000,0x0000000782000000,0x0000000782a80000)
 ParOldGen       total 60928K, used 9346K [0x0000000700000000, 0x0000000703b80000, 0x0000000780000000)
  object space 60928K, 15% used [0x0000000700000000,0x0000000700920bc0,0x0000000703b80000)
 Metaspace       used 28468K, capacity 28798K, committed 29184K, reserved 1075200K
  class space    used 3865K, capacity 4001K, committed 4096K, reserved 1048576K
Event: 5.753 GC heap after
Heap after GC invocations=8 (full 1):
 PSYoungGen      total 43520K, used 5768K [0x0000000780000000, 0x0000000784880000, 0x00000007c0000000)
  eden space 32768K, 0% used [0x0000000780000000,0x0000000780000000,0x0000000782000000)
  from space 10752K, 53% used [0x0000000782000000,0x00000007825a2010,0x0000000782a80000)
  to   space 10240K, 0% used [0x0000000783e80000,0x0000000783e80000,0x0000000784880000)
 ParOldGen       total 60928K, used 9354K [0x0000000700000000, 0x0000000703b80000, 0x0000000780000000)
  object space 60928K, 15% used [0x0000000700000000,0x0000000700922bc0,0x0000000703b80000)
 Metaspace       used 28468K, capacity 28798K, committed 29184K, reserved 1075200K
  class space    used 3865K, capacity 4001K, committed 4096K, reserved 1048576K
}
Event: 6.023 GC heap before
{Heap before GC invocations=9 (full 1):
 PSYoungGen      total 43520K, used 38536K [0x0000000780000000, 0x0000000784880000, 0x00000007c0000000)
  eden space 32768K, 100% used [0x0000000780000000,0x0000000782000000,0x0000000782000000)
  from space 10752K, 53% used [0x0000000782000000,0x00000007825a2010,0x0000000782a80000)
  to   space 10240K, 0% used [0x0000000783e80000,0x0000000783e80000,0x0000000784880000)
 ParOldGen       total 60928K, used 9354K [0x0000000700000000, 0x0000000703b80000, 0x0000000780000000)
  object space 60928K, 15% used [0x0000000700000000,0x0000000700922bc0,0x0000000703b80000)
 Metaspace       used 30472K, capacity 30810K, committed 30976K, reserved 1075200K
  class space    used 4189K, capacity 4326K, committed 4352K, reserved 1048576K
Event: 6.028 GC heap after
Heap after GC invocations=9 (full 1):
 PSYoungGen      total 64000K, used 6829K [0x0000000780000000, 0x0000000784a00000, 0x00000007c0000000)
  eden space 53760K, 0% used [0x0000000780000000,0x0000000780000000,0x0000000783480000)
  from space 10240K, 66% used [0x0000000783e80000,0x000000078452b608,0x0000000784880000)
  to   space 10240K, 0% used [0x0000000783480000,0x0000000783480000,0x0000000783e80000)
 ParOldGen       total 60928K, used 9362K [0x0000000700000000, 0x0000000703b80000, 0x0000000780000000)
  object space 60928K, 15% used [0x0000000700000000,0x0000000700924bc0,0x0000000703b80000)
 Metaspace       used 30472K, capacity 30810K, committed 30976K, reserved 1075200K
  class space    used 4189K, capacity 4326K, committed 4352K, reserved 1048576K
}
Event: 6.610 GC heap before
{Heap before GC invocations=10 (full 1):
 PSYoungGen      total 64000K, used 60589K [0x0000000780000000, 0x0000000784a00000, 0x00000007c0000000)
  eden space 53760K, 100% used [0x0000000780000000,0x0000000783480000,0x0000000783480000)
  from space 10240K, 66% used [0x0000000783e80000,0x000000078452b608,0x0000000784880000)
  to   space 10240K, 0% used [0x0000000783480000,0x0000000783480000,0x0000000783e80000)
 ParOldGen       total 60928K, used 9362K [0x0000000700000000, 0x0000000703b80000, 0x0000000780000000)
  object space 60928K, 15% used [0x0000000700000000,0x0000000700924bc0,0x0000000703b80000)
 Metaspace       used 33988K, capacity 34436K, committed 34560K, reserved 1079296K
  class space    used 4620K, capacity 4804K, committed 4864K, reserved 1048576K
Event: 6.618 GC heap after
Heap after GC invocations=10 (full 1):
 PSYoungGen      total 64000K, used 5997K [0x0000000780000000, 0x0000000784a00000, 0x00000007c0000000)
  eden space 53760K, 0% used [0x0000000780000000,0x0000000780000000,0x0000000783480000)
  from space 10240K, 58% used [0x0000000783480000,0x0000000783a5b558,0x0000000783e80000)
  to   space 10240K, 0% used [0x0000000783e80000,0x0000000783e80000,0x0000000784880000)
 ParOldGen       total 60928K, used 12298K [0x0000000700000000, 0x0000000703b80000, 0x0000000780000000)
  object space 60928K, 20% used [0x0000000700000000,0x0000000700c02be0,0x0000000703b80000)
 Metaspace       used 33988K, capacity 34436K, committed 34560K, reserved 1079296K
  class space    used 4620K, capacity 4804K, committed 4864K, reserved 1048576K
}
Event: 6.818 GC heap before
{Heap before GC invocations=11 (full 1):
 PSYoungGen      total 64000K, used 30596K [0x0000000780000000, 0x0000000784a00000, 0x00000007c0000000)
  eden space 53760K, 45% used [0x0000000780000000,0x0000000781805c80,0x0000000783480000)
  from space 10240K, 58% used [0x0000000783480000,0x0000000783a5b558,0x0000000783e80000)
  to   space 10240K, 0% used [0x0000000783e80000,0x0000000783e80000,0x0000000784880000)
 ParOldGen       total 60928K, used 12298K [0x0000000700000000, 0x0000000703b80000, 0x0000000780000000)
  object space 60928K, 20% used [0x0000000700000000,0x0000000700c02be0,0x0000000703b80000)
 Metaspace       used 34714K, capacity 35276K, committed 35456K, reserved 1079296K
  class space    used 4740K, capacity 4935K, committed 4992K, reserved 1048576K
Event: 6.823 GC heap after
Heap after GC invocations=11 (full 1):
 PSYoungGen      total 64512K, used 4369K [0x0000000780000000, 0x0000000785f00000, 0x00000007c0000000)
  eden space 54272K, 0% used [0x0000000780000000,0x0000000780000000,0x0000000783500000)
  from space 10240K, 42% used [0x0000000783e80000,0x00000007842c4540,0x0000000784880000)
  to   space 9728K, 0% used [0x0000000783500000,0x0000000783500000,0x0000000783e80000)
 ParOldGen       total 60928K, used 13883K [0x0000000700000000, 0x0000000703b80000, 0x0000000780000000)
  object space 60928K, 22% used [0x0000000700000000,0x0000000700d8ef20,0x0000000703b80000)
 Metaspace       used 34714K, capacity 35276K, committed 35456K, reserved 1079296K
  class space    used 4740K, capacity 4935K, committed 4992K, reserved 1048576K
}
Event: 6.823 GC heap before
{Heap before GC invocations=12 (full 2):
 PSYoungGen      total 64512K, used 4369K [0x0000000780000000, 0x0000000785f00000, 0x00000007c0000000)
  eden space 54272K, 0% used [0x0000000780000000,0x0000000780000000,0x0000000783500000)
  from space 10240K, 42% used [0x0000000783e80000,0x00000007842c4540,0x0000000784880000)
  to   space 9728K, 0% used [0x0000000783500000,0x0000000783500000,0x0000000783e80000)
 ParOldGen       total 60928K, used 13883K [0x0000000700000000, 0x0000000703b80000, 0x0000000780000000)
  object space 60928K, 22% used [0x0000000700000000,0x0000000700d8ef20,0x0000000703b80000)
 Metaspace       used 34714K, capacity 35276K, committed 35456K, reserved 1079296K
  class space    used 4740K, capacity 4935K, committed 4992K, reserved 1048576K

